<?xml version="1.0" encoding="UTF-8"?>
<!-- Generated by org.testng.reporters.JUnitReportReporter -->
<testsuite hostname="DESKTOP-TQEBB1H" failures="0" tests="1" name="com.testcases.OrangeHrmLoginTestCase" time="2.606" errors="0" timestamp="17 Sep 2020 06:23:35 GMT" skipped="0">
  <testcase classname="com.testcases.OrangeHrmLoginTestCase" name="login" time="2.606"/>
</testsuite> <!-- com.testcases.OrangeHrmLoginTestCase -->
