<?xml version="1.0" encoding="UTF-8"?>
<!-- Generated by org.testng.reporters.JUnitReportReporter -->
<testsuite hostname="DESKTOP-TQEBB1H" failures="0" tests="1" name="com.testcases.FlipkartLoginTestCase" time="2.993" errors="0" timestamp="17 Sep 2020 06:46:10 GMT" skipped="0">
  <testcase classname="com.testcases.FlipkartLoginTestCase" name="login" time="2.993"/>
</testsuite> <!-- com.testcases.FlipkartLoginTestCase -->
